app/manifest-merger-release-report.txt
-- Merging decision tree log ---
manifest
ADDED from AndroidManifest.xml:2:1
	xmlns:android
		ADDED from AndroidManifest.xml:2:11
	package
		ADDED from AndroidManifest.xml:3:5
		INJECTED from AndroidManifest.xml:0:0
		INJECTED from AndroidManifest.xml:0:0
	android:versionName
		INJECTED from AndroidManifest.xml:0:0
		INJECTED from AndroidManifest.xml:0:0
	android:versionCode
		INJECTED from AndroidManifest.xml:0:0
		INJECTED from AndroidManifest.xml:0:0
uses-permission#android.permission.INTERNET
ADDED from AndroidManifest.xml:5:5
	android:name
		ADDED from AndroidManifest.xml:5:22
uses-permission#android.permission.ACCESS_NETWORK_STATE
ADDED from AndroidManifest.xml:6:5
	android:name
		ADDED from AndroidManifest.xml:6:22
uses-permission#android.permission.WRITE_EXTERNAL_STORAGE
ADDED from AndroidManifest.xml:7:5
	android:name
		ADDED from AndroidManifest.xml:7:22
uses-permission#android.permission.ACCESS_COARSE_LOCATION
ADDED from AndroidManifest.xml:8:5
	android:name
		ADDED from AndroidManifest.xml:8:22
uses-permission#android.permission.ACCESS_WIFI_STATE
ADDED from AndroidManifest.xml:9:5
	android:name
		ADDED from AndroidManifest.xml:9:22
uses-permission#android.permission.READ_PHONE_STATE
ADDED from AndroidManifest.xml:10:5
	android:name
		ADDED from AndroidManifest.xml:10:22
application
ADDED from AndroidManifest.xml:12:5
MERGED from com.android.support:support-v4:21.0.3:16:5
MERGED from com.android.support:appcompat-v7:21.0.3:16:5
MERGED from com.android.support:support-v4:21.0.3:16:5
MERGED from com.android.support:recyclerview-v7:21.0.3:17:5
MERGED from com.android.support:support-v4:21.0.3:16:5
MERGED from com.android.support:support-v13:21.0.0:16:5
MERGED from com.android.support:support-v4:21.0.3:16:5
MERGED from com.android.support:support-v4:21.0.3:16:5
MERGED from com.google.android.gms:play-services:6.5.87:20:5
MERGED from com.android.support:support-v4:21.0.3:16:5
MERGED from com.cocosw:bottomsheet:0.9:11:5
MERGED from com.android.support:support-v4:21.0.3:16:5
	android:label
		ADDED from AndroidManifest.xml:16:9
	android:allowBackup
		ADDED from AndroidManifest.xml:13:9
	android:icon
		ADDED from AndroidManifest.xml:15:9
	android:theme
		ADDED from AndroidManifest.xml:19:9
	android:hardwareAccelerated
		ADDED from AndroidManifest.xml:14:9
	android:logo
		ADDED from AndroidManifest.xml:18:9
	android:launchMode
		ADDED from AndroidManifest.xml:17:9
provider#com.cheatdatabase.search.SearchSuggestionProvider
ADDED from AndroidManifest.xml:20:9
	android:authorities
		ADDED from AndroidManifest.xml:22:13
	android:name
		ADDED from AndroidManifest.xml:21:13
meta-data#com.google.android.gms.version
ADDED from AndroidManifest.xml:24:9
MERGED from com.google.android.gms:play-services:6.5.87:21:9
	android:name
		ADDED from AndroidManifest.xml:25:13
	android:value
		ADDED from AndroidManifest.xml:26:13
activity#com.cheatdatabase.MainActivity
ADDED from AndroidManifest.xml:28:9
	android:label
		ADDED from AndroidManifest.xml:30:13
	android:name
		ADDED from AndroidManifest.xml:29:13
intent-filter#android.intent.action.MAIN+android.intent.category.LAUNCHER
ADDED from AndroidManifest.xml:31:13
action#android.intent.action.MAIN
ADDED from AndroidManifest.xml:32:17
	android:name
		ADDED from AndroidManifest.xml:32:25
category#android.intent.category.LAUNCHER
ADDED from AndroidManifest.xml:34:17
	android:name
		ADDED from AndroidManifest.xml:34:27
meta-data#android.app.default_searchable
ADDED from AndroidManifest.xml:37:13
	android:name
		ADDED from AndroidManifest.xml:38:17
	android:value
		ADDED from AndroidManifest.xml:39:17
activity#com.cheatdatabase.search.SearchResultsActivity
ADDED from AndroidManifest.xml:41:9
	android:label
		ADDED from AndroidManifest.xml:43:13
	android:parentActivityName
		ADDED from AndroidManifest.xml:45:13
	android:name
		ADDED from AndroidManifest.xml:42:13
	android:logo
		ADDED from AndroidManifest.xml:44:13
intent-filter#android.intent.action.SEARCH
ADDED from AndroidManifest.xml:46:13
action#android.intent.action.SEARCH
ADDED from AndroidManifest.xml:47:17
	android:name
		ADDED from AndroidManifest.xml:47:25
meta-data#android.app.searchable
ADDED from AndroidManifest.xml:50:13
	android:resource
		ADDED from AndroidManifest.xml:52:17
	android:name
		ADDED from AndroidManifest.xml:51:17
activity#com.cheatdatabase.GamesBySystemListActivity
ADDED from AndroidManifest.xml:57:9
	android:screenOrientation
		ADDED from AndroidManifest.xml:61:13
	android:parentActivityName
		ADDED from AndroidManifest.xml:60:13
	android:name
		ADDED from AndroidManifest.xml:58:13
	android:logo
		ADDED from AndroidManifest.xml:59:13
activity#com.cheatdatabase.helpers.Helper
ADDED from AndroidManifest.xml:66:9
	android:name
		ADDED from AndroidManifest.xml:66:19
activity#com.cheatdatabase.SubmitCheatActivity
ADDED from AndroidManifest.xml:67:9
	android:name
		ADDED from AndroidManifest.xml:68:13
	android:logo
		ADDED from AndroidManifest.xml:69:13
activity#com.cheatdatabase.CheatListActivity
ADDED from AndroidManifest.xml:70:9
	android:screenOrientation
		ADDED from AndroidManifest.xml:75:13
	android:label
		ADDED from AndroidManifest.xml:72:13
	android:parentActivityName
		ADDED from AndroidManifest.xml:74:13
	android:name
		ADDED from AndroidManifest.xml:71:13
	android:logo
		ADDED from AndroidManifest.xml:73:13
meta-data#android.support.PARENT_ACTIVITY
ADDED from AndroidManifest.xml:76:13
	android:name
		ADDED from AndroidManifest.xml:77:17
	android:value
		ADDED from AndroidManifest.xml:78:17
activity#com.cheatdatabase.LoginActivity
ADDED from AndroidManifest.xml:83:9
	android:windowSoftInputMode
		ADDED from AndroidManifest.xml:87:13
	android:label
		ADDED from AndroidManifest.xml:85:13
	android:name
		ADDED from AndroidManifest.xml:84:13
	android:logo
		ADDED from AndroidManifest.xml:86:13
activity#com.cheatdatabase.RecoverActivity
ADDED from AndroidManifest.xml:88:9
	android:windowSoftInputMode
		ADDED from AndroidManifest.xml:93:13
	android:label
		ADDED from AndroidManifest.xml:90:13
	android:parentActivityName
		ADDED from AndroidManifest.xml:92:13
	android:name
		ADDED from AndroidManifest.xml:89:13
	android:logo
		ADDED from AndroidManifest.xml:91:13
activity#com.cheatdatabase.RegisterActivity
ADDED from AndroidManifest.xml:94:9
	android:windowSoftInputMode
		ADDED from AndroidManifest.xml:99:13
	android:label
		ADDED from AndroidManifest.xml:96:13
	android:parentActivityName
		ADDED from AndroidManifest.xml:98:13
	android:name
		ADDED from AndroidManifest.xml:95:13
	android:logo
		ADDED from AndroidManifest.xml:97:13
activity#com.cheatdatabase.CheatForumActivity
ADDED from AndroidManifest.xml:100:9
	android:windowSoftInputMode
		ADDED from AndroidManifest.xml:105:13
	android:uiOptions
		ADDED from AndroidManifest.xml:104:13
	android:parentActivityName
		ADDED from AndroidManifest.xml:103:13
	android:name
		ADDED from AndroidManifest.xml:101:13
	android:logo
		ADDED from AndroidManifest.xml:102:13
activity#com.cheatdatabase.CheatsByMemberListActivity
ADDED from AndroidManifest.xml:113:9
	android:parentActivityName
		ADDED from AndroidManifest.xml:116:13
	android:name
		ADDED from AndroidManifest.xml:114:13
	android:logo
		ADDED from AndroidManifest.xml:115:13
activity#com.cheatdatabase.cheat_detail_view.MemberCheatViewPageIndicator
ADDED from AndroidManifest.xml:121:9
	android:uiOptions
		ADDED from AndroidManifest.xml:125:13
	android:parentActivityName
		ADDED from AndroidManifest.xml:124:13
	android:name
		ADDED from AndroidManifest.xml:122:13
	android:logo
		ADDED from AndroidManifest.xml:123:13
activity#com.cheatdatabase.handset.cheatview.CheatViewPageIndicatorActivity
ADDED from AndroidManifest.xml:130:9
	android:label
		ADDED from AndroidManifest.xml:132:13
	android:uiOptions
		ADDED from AndroidManifest.xml:135:13
	android:parentActivityName
		ADDED from AndroidManifest.xml:134:13
	android:name
		ADDED from AndroidManifest.xml:131:13
	android:logo
		ADDED from AndroidManifest.xml:133:13
activity#com.cheatdatabase.FavoriteCheatListActivity
ADDED from AndroidManifest.xml:143:9
	android:label
		ADDED from AndroidManifest.xml:145:13
	android:theme
		ADDED from AndroidManifest.xml:148:13
	android:parentActivityName
		ADDED from AndroidManifest.xml:147:13
	android:name
		ADDED from AndroidManifest.xml:144:13
	android:logo
		ADDED from AndroidManifest.xml:146:13
activity#com.cheatdatabase.cheat_detail_view.FavoritesCheatViewPageIndicator
ADDED from AndroidManifest.xml:156:9
	android:label
		ADDED from AndroidManifest.xml:158:13
	android:uiOptions
		ADDED from AndroidManifest.xml:161:13
	android:theme
		ADDED from AndroidManifest.xml:160:13
	android:name
		ADDED from AndroidManifest.xml:157:13
	android:logo
		ADDED from AndroidManifest.xml:159:13
activity#com.mopub.mobileads.MoPubActivity
ADDED from AndroidManifest.xml:173:9
	android:configChanges
		ADDED from AndroidManifest.xml:175:13
	android:name
		ADDED from AndroidManifest.xml:174:13
activity#com.mopub.mobileads.MraidActivity
ADDED from AndroidManifest.xml:176:9
	android:configChanges
		ADDED from AndroidManifest.xml:178:13
	android:name
		ADDED from AndroidManifest.xml:177:13
activity#com.mopub.common.MoPubBrowser
ADDED from AndroidManifest.xml:179:9
	android:configChanges
		ADDED from AndroidManifest.xml:181:13
	android:name
		ADDED from AndroidManifest.xml:180:13
activity#com.mopub.mobileads.MraidVideoPlayerActivity
ADDED from AndroidManifest.xml:182:9
	android:configChanges
		ADDED from AndroidManifest.xml:184:13
	android:name
		ADDED from AndroidManifest.xml:183:13
activity#com.millennialmedia.android.MMActivity
ADDED from AndroidManifest.xml:185:9
	android:configChanges
		ADDED from AndroidManifest.xml:187:13
	android:theme
		ADDED from AndroidManifest.xml:188:13
	android:name
		ADDED from AndroidManifest.xml:186:13
activity#com.appbrain.AppBrainActivity
ADDED from AndroidManifest.xml:192:9
	android:configChanges
		ADDED from AndroidManifest.xml:194:13
	android:name
		ADDED from AndroidManifest.xml:193:13
service#com.appbrain.AppBrainService
ADDED from AndroidManifest.xml:196:9
	android:name
		ADDED from AndroidManifest.xml:196:18
receiver#com.appbrain.ReferrerReceiver
ADDED from AndroidManifest.xml:198:9
	android:exported
		ADDED from AndroidManifest.xml:200:13
	android:name
		ADDED from AndroidManifest.xml:199:13
intent-filter#com.android.vending.INSTALL_REFERRER
ADDED from AndroidManifest.xml:201:13
action#com.android.vending.INSTALL_REFERRER
ADDED from AndroidManifest.xml:202:17
	android:name
		ADDED from AndroidManifest.xml:202:25
activity#com.inmobi.androidsdk.IMBrowserActivity
ADDED from AndroidManifest.xml:207:9
	android:configChanges
		ADDED from AndroidManifest.xml:209:13
	android:hardwareAccelerated
		ADDED from AndroidManifest.xml:210:13
	android:name
		ADDED from AndroidManifest.xml:208:13
uses-sdk
INJECTED from AndroidManifest.xml:0:0 reason: use-sdk injection requested
MERGED from Cheat-Database:VPILibrary:unspecified:7:5
MERGED from com.android.support:support-v4:21.0.3:15:5
MERGED from com.android.support:appcompat-v7:21.0.3:15:5
MERGED from com.android.support:support-v4:21.0.3:15:5
MERGED from com.android.support:recyclerview-v7:21.0.3:15:5
MERGED from com.android.support:support-v4:21.0.3:15:5
MERGED from com.android.support:support-v13:21.0.0:15:5
MERGED from com.android.support:support-v4:21.0.3:15:5
MERGED from com.android.support:support-v4:21.0.3:15:5
MERGED from com.google.android.gms:play-services:6.5.87:18:5
MERGED from com.android.support:support-v4:21.0.3:15:5
MERGED from com.cocosw:bottomsheet:0.9:7:5
MERGED from com.mopub:mopub-sdk:unspecified:7:5
MERGED from com.android.support:support-v4:21.0.3:15:5
	android:targetSdkVersion
		INJECTED from AndroidManifest.xml:0:0
		INJECTED from AndroidManifest.xml:0:0
	android:minSdkVersion
		INJECTED from AndroidManifest.xml:0:0
		INJECTED from AndroidManifest.xml:0:0
activity#android.support.v7.widget.TestActivity
ADDED from com.android.support:recyclerview-v7:21.0.3:18:9
	android:label
		ADDED from com.android.support:recyclerview-v7:21.0.3:18:19
	android:name
		ADDED from com.android.support:recyclerview-v7:21.0.3:18:60